2022-05-16 18:05:820 INFO  ManageDriver :30 - Launching Chrome Browser
2022-05-16 18:05:633 INFO  HomePage :56 - Clicking on signIn button[[ChromeDriver: chrome on WINDOWS (31680ece054bd44ab45ba2ae37ba0d44)] -> xpath: //a[contains(text(),'Sign in')]]
2022-05-16 18:05:730 INFO  CreateAccountPage :154 - enter email s1_adep_patil81468@gmail.com to email field 
2022-05-16 18:05:748 INFO  HomePage :80 - Clicking on create account[[ChromeDriver: chrome on WINDOWS (31680ece054bd44ab45ba2ae37ba0d44)] -> xpath: //body[1]/div[1]/div[2]/div[1]/div[3]/div[1]/div[1]/div[1]/form[1]/div[1]/div[3]/button[1]/span[1]]
2022-05-16 18:05:974 INFO  CreateAccountPage :139 - Clicking on Radio Button [[ChromeDriver: chrome on WINDOWS (31680ece054bd44ab45ba2ae37ba0d44)] -> xpath: //input[@id='id_gender1']]
2022-05-16 18:05:45 INFO  CreateAccountPage :144 - getting firstname text [[ChromeDriver: chrome on WINDOWS (31680ece054bd44ab45ba2ae37ba0d44)] -> xpath: //input[@id='customer_firstname']]
2022-05-16 18:05:106 INFO  CreateAccountPage :149 - getting lastname text  [[ChromeDriver: chrome on WINDOWS (31680ece054bd44ab45ba2ae37ba0d44)] -> xpath: //input[@id='customer_lastname']]
2022-05-16 18:05:180 INFO  CreateAccountPage :159 - enter password 123456@ to email field 
2022-05-16 18:05:284 INFO  CreateAccountPage :164 - Selecting day 10from dropdown[[ChromeDriver: chrome on WINDOWS (31680ece054bd44ab45ba2ae37ba0d44)] -> xpath: //select[@id='days']]
2022-05-16 18:05:365 INFO  CreateAccountPage :169 - Selecting month 10from Dropdown[[ChromeDriver: chrome on WINDOWS (31680ece054bd44ab45ba2ae37ba0d44)] -> xpath: //select[@id='months']]
2022-05-16 18:05:430 INFO  CreateAccountPage :175 - Selecting month 2001from Dropdown[[ChromeDriver: chrome on WINDOWS (31680ece054bd44ab45ba2ae37ba0d44)] -> xpath: //select[@id='years']]
2022-05-16 18:05:493 INFO  CreateAccountPage :180 - Clicking on newsletterbox [[ChromeDriver: chrome on WINDOWS (31680ece054bd44ab45ba2ae37ba0d44)] -> xpath: //input[@id='newsletter']]
2022-05-16 18:05:597 INFO  CreateAccountPage :185 - Clicking on specialoffer [[ChromeDriver: chrome on WINDOWS (31680ece054bd44ab45ba2ae37ba0d44)] -> xpath: //input[@id='optin']]
2022-05-16 18:05:649 INFO  CreateAccountPage :190 - Enter name to deliver sam to delivery address field [[ChromeDriver: chrome on WINDOWS (31680ece054bd44ab45ba2ae37ba0d44)] -> xpath: //input[@id='firstname']]
2022-05-16 18:05:702 INFO  CreateAccountPage :210 - Enter address line2 to deliver Patel to addressline 2 field [[ChromeDriver: chrome on WINDOWS (31680ece054bd44ab45ba2ae37ba0d44)] -> xpath: //input[@id='address2']]
2022-05-16 18:05:775 INFO  CreateAccountPage :205 - Enter street name to deliver Old street to street name field [[ChromeDriver: chrome on WINDOWS (31680ece054bd44ab45ba2ae37ba0d44)] -> xpath: //input[@id='address1']]
2022-05-16 18:05:815 INFO  CreateAccountPage :210 - Enter address line2 to deliver East field to addressline 2 field [[ChromeDriver: chrome on WINDOWS (31680ece054bd44ab45ba2ae37ba0d44)] -> xpath: //input[@id='address2']]
2022-05-16 18:05:877 INFO  CreateAccountPage :215 - Enter city name to deliver Euston to city field [[ChromeDriver: chrome on WINDOWS (31680ece054bd44ab45ba2ae37ba0d44)] -> xpath: //input[@id='city']]
2022-05-16 18:05:933 INFO  CreateAccountPage :221 - Enter state name to deliver Texas to state field [[ChromeDriver: chrome on WINDOWS (31680ece054bd44ab45ba2ae37ba0d44)] -> xpath: //select[@id='id_state']]
2022-05-16 18:05:987 INFO  CreateAccountPage :226 - Enter post code to deliver 22556 to postcode field [[ChromeDriver: chrome on WINDOWS (31680ece054bd44ab45ba2ae37ba0d44)] -> xpath: //input[@id='postcode']]
2022-05-16 18:05:24 INFO  CreateAccountPage :231 - Selecting country United States from dropdown [[ChromeDriver: chrome on WINDOWS (31680ece054bd44ab45ba2ae37ba0d44)] -> xpath: //select[@id='id_country']]
2022-05-16 18:05:87 INFO  CreateAccountPage :236 - sending Additional information deliver next door from dropdown [[ChromeDriver: chrome on WINDOWS (31680ece054bd44ab45ba2ae37ba0d44)] -> xpath: //textarea[@id='other']]
2022-05-16 18:05:156 INFO  CreateAccountPage :241 - Enter homephone number 011566677788 to phone number field [[ChromeDriver: chrome on WINDOWS (31680ece054bd44ab45ba2ae37ba0d44)] -> xpath: //input[@id='phone']]
2022-05-16 18:05:218 INFO  CreateAccountPage :246 - Enter mobile number 0754488995566 to mobile number field [[ChromeDriver: chrome on WINDOWS (31680ece054bd44ab45ba2ae37ba0d44)] -> xpath: //input[@id='phone_mobile']]
2022-05-16 18:05:276 INFO  CreateAccountPage :251 - Enter assign ref xyz street to address for future field [[ChromeDriver: chrome on WINDOWS (31680ece054bd44ab45ba2ae37ba0d44)] -> xpath: //input[@id='alias']]
2022-05-16 18:05:324 INFO  CreateAccountPage :257 - Clicking on register[[ChromeDriver: chrome on WINDOWS (31680ece054bd44ab45ba2ae37ba0d44)] -> xpath: //body[1]/div[1]/div[2]/div[1]/div[3]/div[1]/div[1]/form[1]/div[4]/button[1]/span[1]]
2022-05-16 18:05:66 INFO  ManageDriver :30 - Launching Chrome Browser
2022-05-16 18:05:131 INFO  HomePage :56 - Clicking on signIn button[[ChromeDriver: chrome on WINDOWS (f8a8a32e179b6f4b80cf84620a05d329)] -> xpath: //a[contains(text(),'Sign in')]]
2022-05-16 18:05:150 INFO  HomePage :75 - getting authentication text  [[ChromeDriver: chrome on WINDOWS (f8a8a32e179b6f4b80cf84620a05d329)] -> xpath: //h1[contains(text(),'Authentication')]]
2022-05-16 18:05:875 INFO  ManageDriver :30 - Launching Chrome Browser
2022-05-16 18:05:907 INFO  HomePage :56 - Clicking on signIn button[[ChromeDriver: chrome on WINDOWS (551074245cc440d3af473e262ec7e439)] -> xpath: //a[contains(text(),'Sign in')]]
2022-05-16 18:05:767 INFO  ManageDriver :30 - Launching Chrome Browser
2022-05-16 18:05:979 INFO  HomePage :56 - Clicking on signIn button[[ChromeDriver: chrome on WINDOWS (224ce90acef098216db5b2a1b786fb7a)] -> xpath: //a[contains(text(),'Sign in')]]
2022-05-16 18:05:31 INFO  HomePage :56 - Enter email  to email field [[ChromeDriver: chrome on WINDOWS (224ce90acef098216db5b2a1b786fb7a)] -> xpath: //input[@id='email']]
2022-05-16 18:05:103 INFO  HomePage :61 - Enter password 123456 to password field [[ChromeDriver: chrome on WINDOWS (224ce90acef098216db5b2a1b786fb7a)] -> xpath: //input[@id='passwd']]
2022-05-16 18:05:847 INFO  HomePage :66 - Clicking on signIn button [[ChromeDriver: chrome on WINDOWS (224ce90acef098216db5b2a1b786fb7a)] -> xpath: //body[1]/div[1]/div[2]/div[1]/div[3]/div[1]/div[1]/div[2]/form[1]/div[1]/p[2]/button[1]/span[1]]
2022-05-16 18:05:864 INFO  HomePage :103 - getting error message text from [[ChromeDriver: chrome on WINDOWS (224ce90acef098216db5b2a1b786fb7a)] -> xpath: //div[@class='alert alert-danger']//li]
2022-05-16 18:05:555 INFO  ManageDriver :30 - Launching Chrome Browser
2022-05-16 18:05:213 INFO  HomePage :56 - Clicking on signIn button[[ChromeDriver: chrome on WINDOWS (58718b4d01208372225ba89a9693419f)] -> xpath: //a[contains(text(),'Sign in')]]
2022-05-16 18:05:273 INFO  HomePage :56 - Enter email abcd@gmail.com to email field [[ChromeDriver: chrome on WINDOWS (58718b4d01208372225ba89a9693419f)] -> xpath: //input[@id='email']]
2022-05-16 18:05:333 INFO  HomePage :61 - Enter password  to password field [[ChromeDriver: chrome on WINDOWS (58718b4d01208372225ba89a9693419f)] -> xpath: //input[@id='passwd']]
2022-05-16 18:05:654 INFO  HomePage :66 - Clicking on signIn button [[ChromeDriver: chrome on WINDOWS (58718b4d01208372225ba89a9693419f)] -> xpath: //body[1]/div[1]/div[2]/div[1]/div[3]/div[1]/div[1]/div[2]/form[1]/div[1]/p[2]/button[1]/span[1]]
2022-05-16 18:05:670 INFO  HomePage :103 - getting error message text from [[ChromeDriver: chrome on WINDOWS (58718b4d01208372225ba89a9693419f)] -> xpath: //div[@class='alert alert-danger']//li]
2022-05-16 18:05:448 INFO  ManageDriver :30 - Launching Chrome Browser
2022-05-16 18:05:177 INFO  HomePage :56 - Clicking on signIn button[[ChromeDriver: chrome on WINDOWS (7ebc19c4402bceda6ff7c6de6127d392)] -> xpath: //a[contains(text(),'Sign in')]]
2022-05-16 18:05:222 INFO  HomePage :56 - Enter email adfdfgfg to email field [[ChromeDriver: chrome on WINDOWS (7ebc19c4402bceda6ff7c6de6127d392)] -> xpath: //input[@id='email']]
2022-05-16 18:05:308 INFO  HomePage :61 - Enter password 123456 to password field [[ChromeDriver: chrome on WINDOWS (7ebc19c4402bceda6ff7c6de6127d392)] -> xpath: //input[@id='passwd']]
2022-05-16 18:05:58 INFO  HomePage :66 - Clicking on signIn button [[ChromeDriver: chrome on WINDOWS (7ebc19c4402bceda6ff7c6de6127d392)] -> xpath: //body[1]/div[1]/div[2]/div[1]/div[3]/div[1]/div[1]/div[2]/form[1]/div[1]/p[2]/button[1]/span[1]]
2022-05-16 18:05:69 INFO  HomePage :103 - getting error message text from [[ChromeDriver: chrome on WINDOWS (7ebc19c4402bceda6ff7c6de6127d392)] -> xpath: //div[@class='alert alert-danger']//li]
2022-05-16 18:05:772 INFO  ManageDriver :30 - Launching Chrome Browser
2022-05-16 18:05:970 INFO  HomePage :56 - Clicking on signIn button[[ChromeDriver: chrome on WINDOWS (bfb3660d7741ab6e36c00af7ec735cac)] -> xpath: //a[contains(text(),'Sign in')]]
2022-05-16 18:05:35 INFO  HomePage :56 - Enter email abcd@gmail.com to email field [[ChromeDriver: chrome on WINDOWS (bfb3660d7741ab6e36c00af7ec735cac)] -> xpath: //input[@id='email']]
2022-05-16 18:05:99 INFO  HomePage :61 - Enter password 123456 to password field [[ChromeDriver: chrome on WINDOWS (bfb3660d7741ab6e36c00af7ec735cac)] -> xpath: //input[@id='passwd']]
2022-05-16 18:05:264 INFO  HomePage :66 - Clicking on signIn button [[ChromeDriver: chrome on WINDOWS (bfb3660d7741ab6e36c00af7ec735cac)] -> xpath: //body[1]/div[1]/div[2]/div[1]/div[3]/div[1]/div[1]/div[2]/form[1]/div[1]/p[2]/button[1]/span[1]]
2022-05-16 18:05:275 INFO  HomePage :103 - getting error message text from [[ChromeDriver: chrome on WINDOWS (bfb3660d7741ab6e36c00af7ec735cac)] -> xpath: //div[@class='alert alert-danger']//li]
2022-05-16 18:05:953 INFO  ManageDriver :30 - Launching Chrome Browser
2022-05-16 18:05:325 INFO  HomePage :56 - Clicking on signIn button[[ChromeDriver: chrome on WINDOWS (a7143f4ab57c7c8d489a5fd89eaf342a)] -> xpath: //a[contains(text(),'Sign in')]]
2022-05-16 18:05:380 INFO  HomePage :56 - Enter email sampatil@gmail.com to email field [[ChromeDriver: chrome on WINDOWS (a7143f4ab57c7c8d489a5fd89eaf342a)] -> xpath: //input[@id='email']]
2022-05-16 18:05:440 INFO  HomePage :61 - Enter password 123456 to password field [[ChromeDriver: chrome on WINDOWS (a7143f4ab57c7c8d489a5fd89eaf342a)] -> xpath: //input[@id='passwd']]
2022-05-16 18:05:603 INFO  HomePage :66 - Clicking on signIn button [[ChromeDriver: chrome on WINDOWS (a7143f4ab57c7c8d489a5fd89eaf342a)] -> xpath: //body[1]/div[1]/div[2]/div[1]/div[3]/div[1]/div[1]/div[2]/form[1]/div[1]/p[2]/button[1]/span[1]]
2022-05-16 18:05:316 INFO  HomePage :90 - getting signIn text  [[ChromeDriver: chrome on WINDOWS (a7143f4ab57c7c8d489a5fd89eaf342a)] -> xpath: //a[contains(text(),'Sign in')]]
2022-05-16 18:05:997 INFO  ManageDriver :30 - Launching Chrome Browser
2022-05-16 18:05:999 INFO  HomePage :38 - Clicking on Womenlink[[ChromeDriver: chrome on WINDOWS (5d8c07a07bb3a850a7db0b6f7197467b)] -> xpath: //header/div[3]/div[1]/div[1]/div[6]/ul[1]/li[1]/a[1]]
2022-05-16 18:05:12 INFO  ProductPage :64 - getting verify women text from [[ChromeDriver: chrome on WINDOWS (5d8c07a07bb3a850a7db0b6f7197467b)] -> xpath: //h2[contains(text(),'Women')]]
2022-05-16 18:05:666 INFO  ManageDriver :30 - Launching Chrome Browser
2022-05-16 18:05:59 INFO  HomePage :38 - Clicking on Womenlink[[ChromeDriver: chrome on WINDOWS (c7f341a70b02a4f036564f71543d6a99)] -> xpath: //header/div[3]/div[1]/div[1]/div[6]/ul[1]/li[1]/a[1]]
2022-05-16 18:05:439 INFO  ProductPage :97 - Clicking on Blouse [[ChromeDriver: chrome on WINDOWS (c7f341a70b02a4f036564f71543d6a99)] -> xpath: //body/div[@id='page']/div[2]/div[1]/div[3]/div[2]/ul[1]/li[2]/div[1]/div[2]/h5[1]/a[1]]
2022-05-16 18:05:508 INFO  ProductPage :70 - Enter the quantity 2 to new quantity field [[ChromeDriver: chrome on WINDOWS (c7f341a70b02a4f036564f71543d6a99)] -> xpath: //input[@id='quantity_wanted']]
2022-05-16 18:05:588 INFO  ProductPage :77 - Selecting Dress size  M from dropdown [[ChromeDriver: chrome on WINDOWS (c7f341a70b02a4f036564f71543d6a99)] -> xpath: //select[@id='group_1']]
2022-05-16 18:05:657 INFO  ProductPage :87 - Clicking on add to cart [[ChromeDriver: chrome on WINDOWS (c7f341a70b02a4f036564f71543d6a99)] -> xpath: //span[contains(text(),'Add to cart')]]
2022-05-16 18:05:684 INFO  ProductPage :93 - getting Message product added successfully in shopping cart text  [[ChromeDriver: chrome on WINDOWS (c7f341a70b02a4f036564f71543d6a99)] -> xpath: //body[1]/div[1]/div[1]/header[1]/div[3]/div[1]/div[1]/div[4]/div[1]/div[1]/h2[1]]
2022-05-16 18:05:700 INFO  ProductPage :100 - Clicking on close [[ChromeDriver: chrome on WINDOWS (c7f341a70b02a4f036564f71543d6a99)] -> xpath: //header/div[3]/div[1]/div[1]/div[4]/div[1]/div[1]/span[1]]
2022-05-16 18:05:417 INFO  ManageDriver :30 - Launching Chrome Browser
2022-05-16 18:05:396 INFO  HomePage :38 - Clicking on Womenlink[[ChromeDriver: chrome on WINDOWS (e8ac4d43d7d415e96ce11f9d75252378)] -> xpath: //header/div[3]/div[1]/div[1]/div[6]/ul[1]/li[1]/a[1]]
2022-05-16 18:05:659 INFO  ProductPage :102 - Clicking on Printed Dress [[ChromeDriver: chrome on WINDOWS (e8ac4d43d7d415e96ce11f9d75252378)] -> xpath: //body/div[@id='page']/div[2]/div[1]/div[3]/div[2]/ul[1]/li[3]/div[1]/div[2]/h5[1]/a[1]]
2022-05-16 18:05:729 INFO  ProductPage :70 - Enter the quantity 3 to new quantity field [[ChromeDriver: chrome on WINDOWS (e8ac4d43d7d415e96ce11f9d75252378)] -> xpath: //input[@id='quantity_wanted']]
2022-05-16 18:05:803 INFO  ProductPage :77 - Selecting Dress size  L from dropdown [[ChromeDriver: chrome on WINDOWS (e8ac4d43d7d415e96ce11f9d75252378)] -> xpath: //select[@id='group_1']]
2022-05-16 18:05:846 INFO  ProductPage :87 - Clicking on add to cart [[ChromeDriver: chrome on WINDOWS (e8ac4d43d7d415e96ce11f9d75252378)] -> xpath: //span[contains(text(),'Add to cart')]]
2022-05-16 18:05:876 INFO  ProductPage :93 - getting Message product added successfully in shopping cart text  [[ChromeDriver: chrome on WINDOWS (e8ac4d43d7d415e96ce11f9d75252378)] -> xpath: //body[1]/div[1]/div[1]/header[1]/div[3]/div[1]/div[1]/div[4]/div[1]/div[1]/h2[1]]
2022-05-16 18:05:890 INFO  ProductPage :100 - Clicking on close [[ChromeDriver: chrome on WINDOWS (e8ac4d43d7d415e96ce11f9d75252378)] -> xpath: //header/div[3]/div[1]/div[1]/div[4]/div[1]/div[1]/span[1]]
2022-05-16 18:05:607 INFO  ManageDriver :30 - Launching Chrome Browser
2022-05-16 18:05:843 INFO  HomePage :38 - Clicking on Womenlink[[ChromeDriver: chrome on WINDOWS (7121d14e1bd86b52ec799db03761a48e)] -> xpath: //header/div[3]/div[1]/div[1]/div[6]/ul[1]/li[1]/a[1]]
2022-05-16 18:05:243 INFO  ProductPage :106 - Clicking on Printed Chiffon Dress [[ChromeDriver: chrome on WINDOWS (7121d14e1bd86b52ec799db03761a48e)] -> xpath: //a[contains(text(),'Printed Chiffon Dress')]]
2022-05-16 18:05:325 INFO  ProductPage :70 - Enter the quantity 4 to new quantity field [[ChromeDriver: chrome on WINDOWS (7121d14e1bd86b52ec799db03761a48e)] -> xpath: //input[@id='quantity_wanted']]
2022-05-16 18:05:373 INFO  ProductPage :77 - Selecting Dress size  S from dropdown [[ChromeDriver: chrome on WINDOWS (7121d14e1bd86b52ec799db03761a48e)] -> xpath: //select[@id='group_1']]
2022-05-16 18:05:436 INFO  ProductPage :87 - Clicking on add to cart [[ChromeDriver: chrome on WINDOWS (7121d14e1bd86b52ec799db03761a48e)] -> xpath: //span[contains(text(),'Add to cart')]]
2022-05-16 18:05:464 INFO  ProductPage :93 - getting Message product added successfully in shopping cart text  [[ChromeDriver: chrome on WINDOWS (7121d14e1bd86b52ec799db03761a48e)] -> xpath: //body[1]/div[1]/div[1]/header[1]/div[3]/div[1]/div[1]/div[4]/div[1]/div[1]/h2[1]]
2022-05-16 18:05:327 INFO  ManageDriver :30 - Launching Chrome Browser
2022-05-16 18:05:550 INFO  HomePage :38 - Clicking on Womenlink[[ChromeDriver: chrome on WINDOWS (20682e76ca71b45f85b2822c4779cc00)] -> xpath: //header/div[3]/div[1]/div[1]/div[6]/ul[1]/li[1]/a[1]]
2022-05-16 18:05:326 INFO  ProductPage :110 - Clicking on Printed Summer Dress with Price tag $28.98 [[ChromeDriver: chrome on WINDOWS (20682e76ca71b45f85b2822c4779cc00)] -> xpath: //body/div[@id='page']/div[2]/div[1]/div[3]/div[2]/ul[1]/li[5]/div[1]/div[2]/h5[1]/a[1]]
2022-05-16 18:05:395 INFO  ProductPage :70 - Enter the quantity 2 to new quantity field [[ChromeDriver: chrome on WINDOWS (20682e76ca71b45f85b2822c4779cc00)] -> xpath: //input[@id='quantity_wanted']]
2022-05-16 18:05:479 INFO  ProductPage :77 - Selecting Dress size  M from dropdown [[ChromeDriver: chrome on WINDOWS (20682e76ca71b45f85b2822c4779cc00)] -> xpath: //select[@id='group_1']]
2022-05-16 18:05:523 INFO  ProductPage :87 - Clicking on add to cart [[ChromeDriver: chrome on WINDOWS (20682e76ca71b45f85b2822c4779cc00)] -> xpath: //span[contains(text(),'Add to cart')]]
2022-05-16 18:05:548 INFO  ProductPage :93 - getting Message product added successfully in shopping cart text  [[ChromeDriver: chrome on WINDOWS (20682e76ca71b45f85b2822c4779cc00)] -> xpath: //body[1]/div[1]/div[1]/header[1]/div[3]/div[1]/div[1]/div[4]/div[1]/div[1]/h2[1]]
2022-05-16 18:05:566 INFO  ProductPage :100 - Clicking on close [[ChromeDriver: chrome on WINDOWS (20682e76ca71b45f85b2822c4779cc00)] -> xpath: //header/div[3]/div[1]/div[1]/div[4]/div[1]/div[1]/span[1]]
